<?xml version="1.0" encoding="UTF-8"?>
<!-- Generated by org.testng.reporters.JUnitReportReporter -->
<testsuite skipped="0" hostname="DESKTOP-QBA990P" name="com.qa.orangehrm.test.LoginTest" tests="1" failures="0" timestamp="07 Jan 2021 04:36:04 GMT" time="11.258" errors="0">
  <testcase name="login_test" time="11.258" classname="com.qa.orangehrm.test.LoginTest"/>
</testsuite> <!-- com.qa.orangehrm.test.LoginTest -->
